<?xml version="1.0" encoding="UTF-8"?><testrun duration="160262" footerText="Generated by Android Studio on 17/2/19 1:23 PM" name="BlackboxUiInstrument...">
    <count name="total" value="5"/>
    <count name="error" value="3"/>
    <count name="ignored" value="1"/>
    <count name="passed" value="1"/>
    <config nameIsGenerated="true" configId="AndroidTestRunConfigurationType" name="BlackboxUiInstrument...">
        <module name="app"/>
        <option name="TESTING_TYPE" value="2"/>
        <option name="INSTRUMENTATION_RUNNER_CLASS" value=""/>
        <option name="METHOD_NAME" value=""/>
        <option name="CLASS_NAME" value="com.blackbox.uitest.BlackboxUiInstrumentedTest"/>
        <option name="PACKAGE_NAME" value=""/>
        <option name="EXTRA_OPTIONS" value=""/>
        <option name="CLEAR_LOGCAT" value="false"/>
        <option name="SHOW_LOGCAT_AUTOMATICALLY" value="false"/>
        <option name="SKIP_NOOP_APK_INSTALLATIONS" value="true"/>
        <option name="FORCE_STOP_RUNNING_APP" value="true"/>
        <option name="TARGET_SELECTION_MODE" value="SHOW_DIALOG"/>
        <option name="USE_LAST_SELECTED_DEVICE" value="false"/>
        <option name="PREFERRED_AVD" value=""/>
        <option name="SELECTED_CLOUD_MATRIX_CONFIGURATION_ID" value="-1"/>
        <option name="SELECTED_CLOUD_MATRIX_PROJECT_ID" value=""/>
        <option name="DEBUGGER_TYPE" value="Auto"/>
        <Auto>
            <option name="USE_JAVA_AWARE_DEBUGGER" value="false"/>
            <option name="SHOW_STATIC_VARS" value="true"/>
            <option name="WORKING_DIR" value=""/>
            <option name="TARGET_LOGGING_CHANNELS" value="lldb process:gdb-remote packets"/>
            <option name="SHOW_OPTIMIZED_WARNING" value="true"/>
        </Auto>
        <Hybrid>
            <option name="USE_JAVA_AWARE_DEBUGGER" value="false"/>
            <option name="SHOW_STATIC_VARS" value="true"/>
            <option name="WORKING_DIR" value=""/>
            <option name="TARGET_LOGGING_CHANNELS" value="lldb process:gdb-remote packets"/>
            <option name="SHOW_OPTIMIZED_WARNING" value="true"/>
        </Hybrid>
        <Java/>
        <Native>
            <option name="USE_JAVA_AWARE_DEBUGGER" value="false"/>
            <option name="SHOW_STATIC_VARS" value="true"/>
            <option name="WORKING_DIR" value=""/>
            <option name="TARGET_LOGGING_CHANNELS" value="lldb process:gdb-remote packets"/>
            <option name="SHOW_OPTIMIZED_WARNING" value="true"/>
        </Native>
        <Profilers>
            <option name="ADVANCED_PROFILING_ENABLED" value="false"/>
            <option name="STARTUP_CPU_PROFILING_ENABLED" value="false"/>
            <option name="STARTUP_CPU_PROFILING_CONFIGURATION_NAME" value="Sample Java Methods"/>
        </Profilers>
    </config>
    <suite duration="160262" locationUrl="android://com.blackbox.uitest.BlackboxUiInstrumentedTest" name="com.blackbox.uitest.BlackboxUiInstrumentedTest" status="error">
        <test duration="68048" locationUrl="android://com.blackbox.uitest.BlackboxUiInstrumentedTest.func1_image1A_initialdeliverylistcount()" name="func1_image1A_initialdeliverylistcount" status="error">
            <output type="stderr">java.lang.AssertionError: Delivery list does not have 20 records. expected:&amp;lt;20&amp;gt; but was:&amp;lt;71&amp;gt;&#13;
at org.junit.Assert.fail(Assert.java:88)&#13;
at org.junit.Assert.failNotEquals(Assert.java:834)&#13;
at org.junit.Assert.assertEquals(Assert.java:645)&#13;
at com.blackbox.uitest.BlackboxUiInstrumentedTest.func1_image1A_initialdeliverylistcount(BlackboxUiInstrumentedTest.java:101)&#13;
at java.lang.reflect.Method.invoke(Native Method)&#13;
at org.junit.runners.model.FrameworkMethod$1.runReflectiveCall(FrameworkMethod.java:50)&#13;
at org.junit.internal.runners.model.ReflectiveCallable.run(ReflectiveCallable.java:12)&#13;
at org.junit.runners.model.FrameworkMethod.invokeExplosively(FrameworkMethod.java:47)&#13;
at org.junit.internal.runners.statements.InvokeMethod.evaluate(InvokeMethod.java:17)&#13;
at android.support.test.internal.runner.junit4.statement.RunBefores.evaluate(RunBefores.java:80)&#13;
at android.support.test.internal.runner.junit4.statement.RunAfters.evaluate(RunAfters.java:61)&#13;
at org.junit.runners.ParentRunner.runLeaf(ParentRunner.java:325)&#13;
at org.junit.runners.BlockJUnit4ClassRunner.runChild(BlockJUnit4ClassRunner.java:78)&#13;
at org.junit.runners.BlockJUnit4ClassRunner.runChild(BlockJUnit4ClassRunner.java:57)&#13;
at org.junit.runners.ParentRunner$3.run(ParentRunner.java:290)&#13;
at org.junit.runners.ParentRunner$1.schedule(ParentRunner.java:71)&#13;
at org.junit.runners.ParentRunner.runChildren(ParentRunner.java:288)&#13;
at org.junit.runners.ParentRunner.access$000(ParentRunner.java:58)&#13;
at org.junit.runners.ParentRunner$2.evaluate(ParentRunner.java:268)&#13;
at org.junit.runners.ParentRunner.run(ParentRunner.java:363)&#13;
at android.support.test.runner.AndroidJUnit4.run(AndroidJUnit4.java:101)&#13;
at org.junit.runners.Suite.runChild(Suite.java:128)&#13;
at org.junit.runners.Suite.runChild(Suite.java:27)&#13;
at org.junit.runners.ParentRunner$3.run(ParentRunner.java:290)&#13;
at org.junit.runners.ParentRunner$1.schedule(ParentRunner.java:71)&#13;
at org.junit.runners.ParentRunner.runChildren(ParentRunner.java:288)&#13;
at org.junit.runners.ParentRunner.access$000(ParentRunner.java:58)&#13;
at org.junit.runners.ParentRunner$2.evaluate(ParentRunner.java:268)&#13;
at org.junit.runners.ParentRunner.run(ParentRunner.java:363)&#13;
at org.junit.runner.JUnitCore.run(JUnitCore.java:137)&#13;
at org.junit.runner.JUnitCore.run(JUnitCore.java:115)&#13;
at android.support.test.internal.runner.TestExecutor.execute(TestExecutor.java:56)&#13;
at android.support.test.runner.AndroidJUnitRunner.onStart(AndroidJUnitRunner.java:384)&#13;
at android.app.Instrumentation$InstrumentationThread.run(Instrumentation.java:2075)&#13;
</output>
        </test>
        <test duration="11481" locationUrl="android://com.blackbox.uitest.BlackboxUiInstrumentedTest.func3_checkdeliverylistitemslayout()" name="func3_checkdeliverylistitemslayout" status="error">
            <output type="stderr">org.junit.ComparisonFailure: Documents not delivered to Andrio! expected:&amp;lt;...liver documents to A[]drio&amp;gt; but was:&amp;lt;...liver documents to A[n]drio&amp;gt;&#13;
at org.junit.Assert.assertEquals(Assert.java:115)&#13;
at com.blackbox.uitest.BlackboxUiInstrumentedTest.func3_checkdeliverylistitemslayout(BlackboxUiInstrumentedTest.java:138)&#13;
at java.lang.reflect.Method.invoke(Native Method)&#13;
at org.junit.runners.model.FrameworkMethod$1.runReflectiveCall(FrameworkMethod.java:50)&#13;
at org.junit.internal.runners.model.ReflectiveCallable.run(ReflectiveCallable.java:12)&#13;
at org.junit.runners.model.FrameworkMethod.invokeExplosively(FrameworkMethod.java:47)&#13;
at org.junit.internal.runners.statements.InvokeMethod.evaluate(InvokeMethod.java:17)&#13;
at android.support.test.internal.runner.junit4.statement.RunBefores.evaluate(RunBefores.java:80)&#13;
at android.support.test.internal.runner.junit4.statement.RunAfters.evaluate(RunAfters.java:61)&#13;
at org.junit.runners.ParentRunner.runLeaf(ParentRunner.java:325)&#13;
at org.junit.runners.BlockJUnit4ClassRunner.runChild(BlockJUnit4ClassRunner.java:78)&#13;
at org.junit.runners.BlockJUnit4ClassRunner.runChild(BlockJUnit4ClassRunner.java:57)&#13;
at org.junit.runners.ParentRunner$3.run(ParentRunner.java:290)&#13;
at org.junit.runners.ParentRunner$1.schedule(ParentRunner.java:71)&#13;
at org.junit.runners.ParentRunner.runChildren(ParentRunner.java:288)&#13;
at org.junit.runners.ParentRunner.access$000(ParentRunner.java:58)&#13;
at org.junit.runners.ParentRunner$2.evaluate(ParentRunner.java:268)&#13;
at org.junit.runners.ParentRunner.run(ParentRunner.java:363)&#13;
at android.support.test.runner.AndroidJUnit4.run(AndroidJUnit4.java:101)&#13;
at org.junit.runners.Suite.runChild(Suite.java:128)&#13;
at org.junit.runners.Suite.runChild(Suite.java:27)&#13;
at org.junit.runners.ParentRunner$3.run(ParentRunner.java:290)&#13;
at org.junit.runners.ParentRunner$1.schedule(ParentRunner.java:71)&#13;
at org.junit.runners.ParentRunner.runChildren(ParentRunner.java:288)&#13;
at org.junit.runners.ParentRunner.access$000(ParentRunner.java:58)&#13;
at org.junit.runners.ParentRunner$2.evaluate(ParentRunner.java:268)&#13;
at org.junit.runners.ParentRunner.run(ParentRunner.java:363)&#13;
at org.junit.runner.JUnitCore.run(JUnitCore.java:137)&#13;
at org.junit.runner.JUnitCore.run(JUnitCore.java:115)&#13;
at android.support.test.internal.runner.TestExecutor.execute(TestExecutor.java:56)&#13;
at android.support.test.runner.AndroidJUnitRunner.onStart(AndroidJUnitRunner.java:384)&#13;
at android.app.Instrumentation$InstrumentationThread.run(Instrumentation.java:2075)&#13;
</output>
        </test>
        <test duration="71446" locationUrl="android://com.blackbox.uitest.BlackboxUiInstrumentedTest.func2_image1_deliverylistappending()" name="func2_image1_deliverylistappending" status="error">
            <output type="stderr">java.lang.AssertionError: Number of items appended in delivery list is not 20 expected:&amp;lt;20&amp;gt; but was:&amp;lt;72&amp;gt;&#13;
at org.junit.Assert.fail(Assert.java:88)&#13;
at org.junit.Assert.failNotEquals(Assert.java:834)&#13;
at org.junit.Assert.assertEquals(Assert.java:645)&#13;
at com.blackbox.uitest.BlackboxUiInstrumentedTest.func2_image1_deliverylistappending(BlackboxUiInstrumentedTest.java:109)&#13;
at java.lang.reflect.Method.invoke(Native Method)&#13;
at org.junit.runners.model.FrameworkMethod$1.runReflectiveCall(FrameworkMethod.java:50)&#13;
at org.junit.internal.runners.model.ReflectiveCallable.run(ReflectiveCallable.java:12)&#13;
at org.junit.runners.model.FrameworkMethod.invokeExplosively(FrameworkMethod.java:47)&#13;
at org.junit.internal.runners.statements.InvokeMethod.evaluate(InvokeMethod.java:17)&#13;
at android.support.test.internal.runner.junit4.statement.RunBefores.evaluate(RunBefores.java:80)&#13;
at android.support.test.internal.runner.junit4.statement.RunAfters.evaluate(RunAfters.java:61)&#13;
at org.junit.runners.ParentRunner.runLeaf(ParentRunner.java:325)&#13;
at org.junit.runners.BlockJUnit4ClassRunner.runChild(BlockJUnit4ClassRunner.java:78)&#13;
at org.junit.runners.BlockJUnit4ClassRunner.runChild(BlockJUnit4ClassRunner.java:57)&#13;
at org.junit.runners.ParentRunner$3.run(ParentRunner.java:290)&#13;
at org.junit.runners.ParentRunner$1.schedule(ParentRunner.java:71)&#13;
at org.junit.runners.ParentRunner.runChildren(ParentRunner.java:288)&#13;
at org.junit.runners.ParentRunner.access$000(ParentRunner.java:58)&#13;
at org.junit.runners.ParentRunner$2.evaluate(ParentRunner.java:268)&#13;
at org.junit.runners.ParentRunner.run(ParentRunner.java:363)&#13;
at android.support.test.runner.AndroidJUnit4.run(AndroidJUnit4.java:101)&#13;
at org.junit.runners.Suite.runChild(Suite.java:128)&#13;
at org.junit.runners.Suite.runChild(Suite.java:27)&#13;
at org.junit.runners.ParentRunner$3.run(ParentRunner.java:290)&#13;
at org.junit.runners.ParentRunner$1.schedule(ParentRunner.java:71)&#13;
at org.junit.runners.ParentRunner.runChildren(ParentRunner.java:288)&#13;
at org.junit.runners.ParentRunner.access$000(ParentRunner.java:58)&#13;
at org.junit.runners.ParentRunner$2.evaluate(ParentRunner.java:268)&#13;
at org.junit.runners.ParentRunner.run(ParentRunner.java:363)&#13;
at org.junit.runner.JUnitCore.run(JUnitCore.java:137)&#13;
at org.junit.runner.JUnitCore.run(JUnitCore.java:115)&#13;
at android.support.test.internal.runner.TestExecutor.execute(TestExecutor.java:56)&#13;
at android.support.test.runner.AndroidJUnitRunner.onStart(AndroidJUnitRunner.java:384)&#13;
at android.app.Instrumentation$InstrumentationThread.run(Instrumentation.java:2075)&#13;
</output>
        </test>
        <test duration="0" locationUrl="android://com.blackbox.uitest.BlackboxUiInstrumentedTest.useAppContext()" name="useAppContext" status="ignored">
            <output type="stdout">Test ignored.
</output>
        </test>
        <test duration="9287" locationUrl="android://com.blackbox.uitest.BlackboxUiInstrumentedTest.func1_image1A_landingpagelayout()" name="func1_image1A_landingpagelayout" status="passed"/>
    </suite>
</testrun>
